Started POST "/sign-up" for ::1 at 2019-04-25 12:59:59 -0400
  
ActiveRecord::NoDatabaseError (FATAL:  database "rails-api-template_development" does not exist
):
  
activerecord (5.2.1) lib/active_record/connection_adapters/postgresql_adapter.rb:688:in `rescue in connect'
activerecord (5.2.1) lib/active_record/connection_adapters/postgresql_adapter.rb:683:in `connect'
activerecord (5.2.1) lib/active_record/connection_adapters/postgresql_adapter.rb:215:in `initialize'
activerecord (5.2.1) lib/active_record/connection_adapters/postgresql_adapter.rb:40:in `new'
activerecord (5.2.1) lib/active_record/connection_adapters/postgresql_adapter.rb:40:in `postgresql_connection'
activerecord (5.2.1) lib/active_record/connection_adapters/abstract/connection_pool.rb:809:in `new_connection'
activerecord (5.2.1) lib/active_record/connection_adapters/abstract/connection_pool.rb:853:in `checkout_new_connection'
activerecord (5.2.1) lib/active_record/connection_adapters/abstract/connection_pool.rb:832:in `try_to_checkout_new_connection'
activerecord (5.2.1) lib/active_record/connection_adapters/abstract/connection_pool.rb:793:in `acquire_connection'
activerecord (5.2.1) lib/active_record/connection_adapters/abstract/connection_pool.rb:521:in `checkout'
activerecord (5.2.1) lib/active_record/connection_adapters/abstract/connection_pool.rb:380:in `connection'
activerecord (5.2.1) lib/active_record/connection_adapters/abstract/connection_pool.rb:1008:in `retrieve_connection'
activerecord (5.2.1) lib/active_record/connection_handling.rb:118:in `retrieve_connection'
activerecord (5.2.1) lib/active_record/connection_handling.rb:90:in `connection'
activerecord (5.2.1) lib/active_record/migration.rb:554:in `call'
actionpack (5.2.1) lib/action_dispatch/middleware/callbacks.rb:28:in `block in call'
activesupport (5.2.1) lib/active_support/callbacks.rb:98:in `run_callbacks'
actionpack (5.2.1) lib/action_dispatch/middleware/callbacks.rb:26:in `call'
actionpack (5.2.1) lib/action_dispatch/middleware/executor.rb:14:in `call'
actionpack (5.2.1) lib/action_dispatch/middleware/debug_exceptions.rb:61:in `call'
actionpack (5.2.1) lib/action_dispatch/middleware/show_exceptions.rb:33:in `call'
railties (5.2.1) lib/rails/rack/logger.rb:38:in `call_app'
railties (5.2.1) lib/rails/rack/logger.rb:26:in `block in call'
activesupport (5.2.1) lib/active_support/tagged_logging.rb:71:in `block in tagged'
activesupport (5.2.1) lib/active_support/tagged_logging.rb:28:in `tagged'
activesupport (5.2.1) lib/active_support/tagged_logging.rb:71:in `tagged'
railties (5.2.1) lib/rails/rack/logger.rb:26:in `call'
actionpack (5.2.1) lib/action_dispatch/middleware/remote_ip.rb:81:in `call'
actionpack (5.2.1) lib/action_dispatch/middleware/request_id.rb:27:in `call'
rack (2.0.5) lib/rack/runtime.rb:22:in `call'
activesupport (5.2.1) lib/active_support/cache/strategy/local_cache_middleware.rb:29:in `call'
actionpack (5.2.1) lib/action_dispatch/middleware/executor.rb:14:in `call'
actionpack (5.2.1) lib/action_dispatch/middleware/static.rb:127:in `call'
rack (2.0.5) lib/rack/sendfile.rb:111:in `call'
rack-cors (1.0.2) lib/rack/cors.rb:97:in `call'
railties (5.2.1) lib/rails/engine.rb:524:in `call'
puma (3.11.4) lib/puma/configuration.rb:225:in `call'
puma (3.11.4) lib/puma/server.rb:632:in `handle_request'
puma (3.11.4) lib/puma/server.rb:446:in `process_client'
puma (3.11.4) lib/puma/server.rb:306:in `block in run'
puma (3.11.4) lib/puma/thread_pool.rb:120:in `block in spawn_thread'
  [1m[35m (534.2ms)[0m  [1m[35mCREATE DATABASE "rails-api-template_development" ENCODING = 'unicode'[0m
  [1m[35m (424.4ms)[0m  [1m[35mCREATE DATABASE "rails-api-template_test" ENCODING = 'unicode'[0m
  [1m[35m (13.5ms)[0m  [1m[35mCREATE TABLE "schema_migrations" ("version" character varying NOT NULL PRIMARY KEY)[0m
  [1m[35m (5.4ms)[0m  [1m[35mCREATE TABLE "ar_internal_metadata" ("key" character varying NOT NULL PRIMARY KEY, "value" character varying, "created_at" timestamp NOT NULL, "updated_at" timestamp NOT NULL)[0m
  [1m[35m (0.9ms)[0m  [1m[34mSELECT pg_try_advisory_lock(2240333999022301455)[0m
  [1m[35m (1.0ms)[0m  [1m[34mSELECT "schema_migrations"."version" FROM "schema_migrations" ORDER BY "schema_migrations"."version" ASC[0m
Migrating to CreateUsers (1)
  [1m[35m (3.5ms)[0m  [1m[35mBEGIN[0m
  [1m[35m (6.6ms)[0m  [1m[35mCREATE TABLE "users" ("id" bigserial primary key, "email" character varying NOT NULL, "token" character varying NOT NULL, "password_digest" character varying NOT NULL, "created_at" timestamp NOT NULL, "updated_at" timestamp NOT NULL)[0m
  [1m[35m (2.0ms)[0m  [1m[35mCREATE UNIQUE INDEX  "index_users_on_email" ON "users"  ("email")[0m
  [1m[35m (1.5ms)[0m  [1m[35mCREATE UNIQUE INDEX  "index_users_on_token" ON "users"  ("token")[0m
  [1m[36mActiveRecord::SchemaMigration Create (1.0ms)[0m  [1m[32mINSERT INTO "schema_migrations" ("version") VALUES ($1) RETURNING "version"[0m  [["version", "1"]]
  [1m[35m (0.4ms)[0m  [1m[35mCOMMIT[0m
Migrating to CreateExamples (2)
  [1m[35m (0.3ms)[0m  [1m[35mBEGIN[0m
  [1m[35m (11.2ms)[0m  [1m[35mCREATE TABLE "examples" ("id" bigserial primary key, "text" text NOT NULL, "user_id" bigint NOT NULL, "created_at" timestamp NOT NULL, "updated_at" timestamp NOT NULL, CONSTRAINT "fk_rails_ae101d15cc"
FOREIGN KEY ("user_id")
  REFERENCES "users" ("id")
)[0m
  [1m[35m (1.3ms)[0m  [1m[35mCREATE  INDEX  "index_examples_on_user_id" ON "examples"  ("user_id")[0m
  [1m[36mActiveRecord::SchemaMigration Create (0.3ms)[0m  [1m[32mINSERT INTO "schema_migrations" ("version") VALUES ($1) RETURNING "version"[0m  [["version", "2"]]
  [1m[35m (0.4ms)[0m  [1m[35mCOMMIT[0m
  [1m[36mActiveRecord::InternalMetadata Load (0.3ms)[0m  [1m[34mSELECT  "ar_internal_metadata".* FROM "ar_internal_metadata" WHERE "ar_internal_metadata"."key" = $1 LIMIT $2[0m  [["key", "environment"], ["LIMIT", 1]]
  [1m[35m (0.1ms)[0m  [1m[35mBEGIN[0m
  [1m[36mActiveRecord::InternalMetadata Create (0.5ms)[0m  [1m[32mINSERT INTO "ar_internal_metadata" ("key", "value", "created_at", "updated_at") VALUES ($1, $2, $3, $4) RETURNING "key"[0m  [["key", "environment"], ["value", "development"], ["created_at", "2019-04-25 17:04:05.872984"], ["updated_at", "2019-04-25 17:04:05.872984"]]
  [1m[35m (3.7ms)[0m  [1m[35mCOMMIT[0m
  [1m[35m (0.2ms)[0m  [1m[34mSELECT pg_advisory_unlock(2240333999022301455)[0m
  [1m[35m (0.2ms)[0m  [1m[34mSELECT "schema_migrations"."version" FROM "schema_migrations" ORDER BY "schema_migrations"."version" ASC[0m
Started POST "/sign-up" for ::1 at 2019-04-25 13:04:34 -0400
  [1m[35m (0.4ms)[0m  [1m[34mSELECT "schema_migrations"."version" FROM "schema_migrations" ORDER BY "schema_migrations"."version" ASC[0m
Processing by UsersController#signup as */*
  Parameters: {"credentials"=>{"email"=>"t@mail.com", "password"=>"[FILTERED]", "password_confirmation"=>"[FILTERED]"}}
  [1m[35m (0.2ms)[0m  [1m[35mBEGIN[0m
  [1m[36mUser Exists (0.7ms)[0m  [1m[34mSELECT  1 AS one FROM "users" WHERE "users"."email" = $1 LIMIT $2[0m  [["email", "t@mail.com"], ["LIMIT", 1]]
  [1m[36mUser Create (0.6ms)[0m  [1m[32mINSERT INTO "users" ("email", "token", "password_digest", "created_at", "updated_at") VALUES ($1, $2, $3, $4, $5) RETURNING "id"[0m  [["email", "t@mail.com"], ["token", "3bd16635f1235538b453e44bd56af08e"], ["password_digest", "$2a$10$J/Ij4jwUClaSDmGEw8hq3ug6lNhdDJw.uJc7uMY47MdhvgfCH1Ppm"], ["created_at", "2019-04-25 17:04:34.938819"], ["updated_at", "2019-04-25 17:04:34.938819"]]
  [1m[35m (0.8ms)[0m  [1m[35mCOMMIT[0m
  [1m[36mUser Exists (0.3ms)[0m  [1m[34mSELECT  1 AS one FROM "users" WHERE "users"."email" = $1 AND "users"."id" != $2 LIMIT $3[0m  [["email", "t@mail.com"], ["id", 1], ["LIMIT", 1]]
[active_model_serializers] Rendered UserSerializer with ActiveModelSerializers::Adapter::Json (1.9ms)
Completed 201 Created in 91ms (Views: 16.5ms | ActiveRecord: 5.6ms)


Started POST "/sign-in" for ::1 at 2019-04-25 13:05:03 -0400
Processing by UsersController#signin as */*
  Parameters: {"credentials"=>{"email"=>"t@mail.com", "password"=>"[FILTERED]"}}
  [1m[36mUser Load (0.2ms)[0m  [1m[34mSELECT  "users".* FROM "users" WHERE "users"."email" = $1 LIMIT $2[0m  [["email", "t@mail.com"], ["LIMIT", 1]]
  [1m[36mUser Update (3.9ms)[0m  [1m[33mUPDATE "users" SET "token" = $1, "updated_at" = $2 WHERE "users"."id" = $3[0m  [["token", "7b4e37519c713c9e32fb4bcb9a362f38"], ["updated_at", "2019-04-25 17:05:03.123328"], ["id", 1]]
[active_model_serializers] Rendered UserLoginSerializer with ActiveModelSerializers::Adapter::Json (5.05ms)
Completed 200 OK in 75ms (Views: 5.4ms | ActiveRecord: 4.2ms)


  [1m[35m (0.1ms)[0m  [1m[34mSELECT pg_try_advisory_lock(2240333999022301455)[0m
  [1m[35m (0.4ms)[0m  [1m[34mSELECT "schema_migrations"."version" FROM "schema_migrations" ORDER BY "schema_migrations"."version" ASC[0m
Migrating to CreateProjects (20190425171314)
  [1m[35m (0.1ms)[0m  [1m[35mBEGIN[0m
  [1m[35m (6.6ms)[0m  [1m[35mCREATE TABLE "projects" ("id" bigserial primary key, "project_name" character varying, "date" timestamp, "description" character varying, "team_needs" character varying, "contact_email" character varying, "created_at" timestamp NOT NULL, "updated_at" timestamp NOT NULL)[0m
  [1m[36mActiveRecord::SchemaMigration Create (0.2ms)[0m  [1m[32mINSERT INTO "schema_migrations" ("version") VALUES ($1) RETURNING "version"[0m  [["version", "20190425171314"]]
  [1m[35m (0.4ms)[0m  [1m[35mCOMMIT[0m
  [1m[36mActiveRecord::InternalMetadata Load (0.2ms)[0m  [1m[34mSELECT  "ar_internal_metadata".* FROM "ar_internal_metadata" WHERE "ar_internal_metadata"."key" = $1 LIMIT $2[0m  [["key", "environment"], ["LIMIT", 1]]
  [1m[35m (0.1ms)[0m  [1m[35mBEGIN[0m
  [1m[35m (0.1ms)[0m  [1m[35mCOMMIT[0m
  [1m[35m (0.2ms)[0m  [1m[34mSELECT pg_advisory_unlock(2240333999022301455)[0m
  [1m[35m (0.2ms)[0m  [1m[34mSELECT "schema_migrations"."version" FROM "schema_migrations" ORDER BY "schema_migrations"."version" ASC[0m
Started POST "/projects" for ::1 at 2019-04-25 14:11:29 -0400
  [1m[35m (1.2ms)[0m  [1m[34mSELECT "schema_migrations"."version" FROM "schema_migrations" ORDER BY "schema_migrations"."version" ASC[0m
Processing by ProjectsController#create as */*
  Parameters: {"project"=>{"project_name"=>"Winery", "date"=>"2019-04-25", "description"=>"Fancy new winery", "team_needs"=>"wine guy", "contact_email"=>"winelover@email.com"}}
  [1m[35m (0.1ms)[0m  [1m[35mBEGIN[0m
  [1m[35m (0.2ms)[0m  [1m[31mROLLBACK[0m
[active_model_serializers] Rendered ActiveModel::Serializer::Null with ActiveModel::Errors (0.1ms)
Completed 422 Unprocessable Entity in 55ms (Views: 6.2ms | ActiveRecord: 10.2ms)


Started POST "/sign-in" for ::1 at 2019-04-25 14:12:51 -0400
Processing by UsersController#signin as */*
  Parameters: {"credentials"=>{"email"=>"t@mail.com", "password"=>"[FILTERED]"}}
  [1m[36mUser Load (1.1ms)[0m  [1m[34mSELECT  "users".* FROM "users" WHERE "users"."email" = $1 LIMIT $2[0m  [["email", "t@mail.com"], ["LIMIT", 1]]
  [1m[36mUser Update (0.8ms)[0m  [1m[33mUPDATE "users" SET "token" = $1, "updated_at" = $2 WHERE "users"."id" = $3[0m  [["token", "fe603630b41269080599eee821eed8ae"], ["updated_at", "2019-04-25 18:12:51.292180"], ["id", 1]]
[active_model_serializers] Rendered UserLoginSerializer with ActiveModelSerializers::Adapter::Json (0.17ms)
Completed 200 OK in 69ms (Views: 0.5ms | ActiveRecord: 3.3ms)


Started POST "/projects" for ::1 at 2019-04-25 14:13:03 -0400
Processing by ProjectsController#create as */*
  Parameters: {"project"=>{"project_name"=>"Winery", "date"=>"2019-04-25", "description"=>"Fancy new winery", "team_needs"=>"wine guy", "contact_email"=>"winelover@email.com"}}
  [1m[35m (0.1ms)[0m  [1m[35mBEGIN[0m
  [1m[35m (0.1ms)[0m  [1m[31mROLLBACK[0m
[active_model_serializers] Rendered ActiveModel::Serializer::Null with ActiveModel::Errors (0.06ms)
Completed 422 Unprocessable Entity in 2ms (Views: 0.4ms | ActiveRecord: 0.3ms)


Started POST "/projects" for ::1 at 2019-04-25 15:00:55 -0400
Processing by ProjectsController#create as */*
  Parameters: {"project"=>{"project_name"=>"Winery", "date"=>"2019-04-25", "description"=>"Fancy new winery", "team_needs"=>"wine guy", "contact_email"=>"winelover@email.com"}}
  [1m[35m (0.1ms)[0m  [1m[35mBEGIN[0m
  [1m[35m (0.1ms)[0m  [1m[31mROLLBACK[0m
[active_model_serializers] Rendered ActiveModel::Serializer::Null with ActiveModel::Errors (0.05ms)
Completed 422 Unprocessable Entity in 32ms (Views: 2.2ms | ActiveRecord: 11.0ms)


Started POST "/projects" for ::1 at 2019-04-25 15:01:34 -0400
Processing by ProjectsController#create as */*
  Parameters: {"project"=>{"project_name"=>"Winery", "date"=>"2019-04-25", "description"=>"Fancy new winery", "team_needs"=>"wine guy", "contact_email"=>"winelover@email.com"}}
  [1m[35m (0.1ms)[0m  [1m[35mBEGIN[0m
  [1m[36mProject Create (4.9ms)[0m  [1m[32mINSERT INTO "projects" ("project_name", "date", "description", "team_needs", "contact_email", "created_at", "updated_at") VALUES ($1, $2, $3, $4, $5, $6, $7) RETURNING "id"[0m  [["project_name", "Winery"], ["date", "2019-04-25 00:00:00"], ["description", "Fancy new winery"], ["team_needs", "wine guy"], ["contact_email", "winelover@email.com"], ["created_at", "2019-04-25 19:01:34.616123"], ["updated_at", "2019-04-25 19:01:34.616123"]]
  [1m[35m (0.3ms)[0m  [1m[35mCOMMIT[0m
[active_model_serializers] Rendered ProjectSerializer with ActiveModelSerializers::Adapter::Json (0.61ms)
Completed 201 Created in 23ms (Views: 2.1ms | ActiveRecord: 8.1ms)


Started POST "/projects" for ::1 at 2019-04-25 15:12:05 -0400
Processing by ProjectsController#create as */*
  Parameters: {"project"=>{"project_name"=>"Winery", "date"=>"2019-04-25", "description"=>"Fancy new winery", "team_needs"=>"wine guy", "contact_email"=>"winelover@email.com"}}
Completed 500 Internal Server Error in 4ms (ActiveRecord: 0.0ms)


  
NoMethodError (undefined method `projects' for nil:NilClass):
  
app/controllers/projects_controller.rb:18:in `create'
Started POST "/projects" for ::1 at 2019-04-25 15:15:58 -0400
Processing by ProjectsController#create as */*
  Parameters: {"project"=>{"project_name"=>"Winery", "date"=>"2019-04-25", "description"=>"Fancy new winery", "team_needs"=>"wine guy", "contact_email"=>"winelover@email.com"}}
Completed 500 Internal Server Error in 1ms (ActiveRecord: 0.0ms)


  
NoMethodError (undefined method `projects' for nil:NilClass):
  
app/controllers/projects_controller.rb:18:in `create'
  [1m[35m (0.2ms)[0m  [1m[34mSELECT pg_try_advisory_lock(2240333999022301455)[0m
  [1m[35m (0.5ms)[0m  [1m[34mSELECT "schema_migrations"."version" FROM "schema_migrations" ORDER BY "schema_migrations"."version" ASC[0m
Migrating to AddUserIdToProject (20190425192135)
  [1m[35m (0.1ms)[0m  [1m[35mBEGIN[0m
  [1m[35m (9.5ms)[0m  [1m[35mALTER TABLE "projects" ADD "user_id" integer[0m
  [1m[36mActiveRecord::SchemaMigration Create (0.9ms)[0m  [1m[32mINSERT INTO "schema_migrations" ("version") VALUES ($1) RETURNING "version"[0m  [["version", "20190425192135"]]
  [1m[35m (0.4ms)[0m  [1m[35mCOMMIT[0m
  [1m[36mActiveRecord::InternalMetadata Load (6.0ms)[0m  [1m[34mSELECT  "ar_internal_metadata".* FROM "ar_internal_metadata" WHERE "ar_internal_metadata"."key" = $1 LIMIT $2[0m  [["key", "environment"], ["LIMIT", 1]]
  [1m[35m (0.2ms)[0m  [1m[35mBEGIN[0m
  [1m[35m (0.1ms)[0m  [1m[35mCOMMIT[0m
  [1m[35m (0.2ms)[0m  [1m[34mSELECT pg_advisory_unlock(2240333999022301455)[0m
  [1m[35m (0.2ms)[0m  [1m[34mSELECT "schema_migrations"."version" FROM "schema_migrations" ORDER BY "schema_migrations"."version" ASC[0m
Started POST "/projects" for ::1 at 2019-04-25 15:22:33 -0400
  [1m[35m (0.5ms)[0m  [1m[34mSELECT "schema_migrations"."version" FROM "schema_migrations" ORDER BY "schema_migrations"."version" ASC[0m
Processing by ProjectsController#create as */*
  Parameters: {"project"=>{"project_name"=>"Winery", "date"=>"2019-04-25", "description"=>"Fancy new winery", "team_needs"=>"wine guy", "contact_email"=>"winelover@email.com"}}
Completed 500 Internal Server Error in 1ms (ActiveRecord: 0.0ms)


  
NoMethodError (undefined method `projects' for nil:NilClass):
  
app/controllers/projects_controller.rb:18:in `create'
Started POST "/projects" for ::1 at 2019-04-25 15:25:34 -0400
Processing by ProjectsController#create as */*
  Parameters: {"project"=>{"project_name"=>"Winery", "date"=>"2019-04-25", "description"=>"Fancy new winery", "team_needs"=>"wine guy", "contact_email"=>"winelover@email.com"}}
Completed 500 Internal Server Error in 1ms (ActiveRecord: 0.0ms)


  
NoMethodError (undefined method `projects' for nil:NilClass):
  
app/controllers/projects_controller.rb:18:in `create'
Started POST "/projects" for ::1 at 2019-04-25 15:31:37 -0400
Processing by ProjectsController#create as */*
  Parameters: {"project"=>{"project_name"=>"Winery", "date"=>"2019-04-25", "description"=>"Fancy new winery", "team_needs"=>"wine guy", "contact_email"=>"winelover@email.com"}}
Filter chain halted as :authenticate rendered or redirected
Completed 401 Unauthorized in 0ms (Views: 0.1ms | ActiveRecord: 0.0ms)


Started POST "/sign-in" for ::1 at 2019-04-25 15:32:08 -0400
Processing by UsersController#signin as */*
  Parameters: {"credentials"=>{"email"=>"t@mail.com", "password"=>"[FILTERED]"}}
  [1m[36mUser Load (3.8ms)[0m  [1m[34mSELECT  "users".* FROM "users" WHERE "users"."email" = $1 LIMIT $2[0m  [["email", "t@mail.com"], ["LIMIT", 1]]
  [1m[36mUser Update (0.8ms)[0m  [1m[33mUPDATE "users" SET "token" = $1, "updated_at" = $2 WHERE "users"."id" = $3[0m  [["token", "a4c4e3ce51b22bfddd21357a25b9fd9d"], ["updated_at", "2019-04-25 19:32:08.757858"], ["id", 1]]
[active_model_serializers] Rendered UserLoginSerializer with ActiveModelSerializers::Adapter::Json (0.26ms)
Completed 200 OK in 83ms (Views: 0.6ms | ActiveRecord: 10.2ms)


Started POST "/projects" for ::1 at 2019-04-25 15:32:14 -0400
Processing by ProjectsController#create as */*
  Parameters: {"project"=>{"project_name"=>"Winery", "date"=>"2019-04-25", "description"=>"Fancy new winery", "team_needs"=>"wine guy", "contact_email"=>"winelover@email.com"}}
Filter chain halted as :authenticate rendered or redirected
Completed 401 Unauthorized in 0ms (Views: 0.1ms | ActiveRecord: 0.0ms)


Started POST "/projects" for ::1 at 2019-04-25 15:41:36 -0400
Processing by ProjectsController#create as */*
  Parameters: {"project"=>{"project_name"=>"Winery", "date"=>"2019-04-25", "description"=>"Fancy new winery", "team_needs"=>"wine guy", "contact_email"=>"winelover@email.com"}}
Filter chain halted as :authenticate rendered or redirected
Completed 401 Unauthorized in 0ms (Views: 0.1ms | ActiveRecord: 0.0ms)


Started POST "/projects" for ::1 at 2019-04-25 15:42:35 -0400
Processing by ProjectsController#create as */*
  Parameters: {"project"=>{"project_name"=>"Winery", "date"=>"2019-04-25", "description"=>"Fancy new winery", "team_needs"=>"wine guy", "contact_email"=>"winelover@email.com"}}
Filter chain halted as :authenticate rendered or redirected
Completed 401 Unauthorized in 0ms (Views: 0.1ms | ActiveRecord: 0.0ms)


Started POST "/sign-in" for ::1 at 2019-04-25 15:46:06 -0400
Processing by UsersController#signin as */*
  Parameters: {"credentials"=>{"email"=>"t@mail.com", "password"=>"[FILTERED]"}}
  [1m[36mUser Load (1.0ms)[0m  [1m[34mSELECT  "users".* FROM "users" WHERE "users"."email" = $1 LIMIT $2[0m  [["email", "t@mail.com"], ["LIMIT", 1]]
  [1m[36mUser Update (1.2ms)[0m  [1m[33mUPDATE "users" SET "token" = $1, "updated_at" = $2 WHERE "users"."id" = $3[0m  [["token", "4f8e668135ba55898193fe254a49f154"], ["updated_at", "2019-04-25 19:46:06.800554"], ["id", 1]]
[active_model_serializers] Rendered UserLoginSerializer with ActiveModelSerializers::Adapter::Json (0.18ms)
Completed 200 OK in 63ms (Views: 0.5ms | ActiveRecord: 2.2ms)


Started POST "/projects" for ::1 at 2019-04-25 15:46:26 -0400
Processing by ProjectsController#create as */*
  Parameters: {"project"=>{"project_name"=>"Winery", "date"=>"2019-04-25", "description"=>"Fancy new winery", "team_needs"=>"wine guy", "contact_email"=>"winelover@email.com"}}
  [1m[36mUser Load (0.3ms)[0m  [1m[34mSELECT  "users".* FROM "users" WHERE "users"."token" = $1 LIMIT $2[0m  [["token", "4f8e668135ba55898193fe254a49f154"], ["LIMIT", 1]]
  [1m[35m (0.1ms)[0m  [1m[35mBEGIN[0m
  [1m[36mProject Create (0.3ms)[0m  [1m[32mINSERT INTO "projects" ("project_name", "date", "description", "team_needs", "contact_email", "created_at", "updated_at", "user_id") VALUES ($1, $2, $3, $4, $5, $6, $7, $8) RETURNING "id"[0m  [["project_name", "Winery"], ["date", "2019-04-25 00:00:00"], ["description", "Fancy new winery"], ["team_needs", "wine guy"], ["contact_email", "winelover@email.com"], ["created_at", "2019-04-25 19:46:26.217898"], ["updated_at", "2019-04-25 19:46:26.217898"], ["user_id", 1]]
  [1m[35m (2.0ms)[0m  [1m[35mCOMMIT[0m
[active_model_serializers] Rendered ProjectSerializer with ActiveModelSerializers::Adapter::Json (0.34ms)
Completed 201 Created in 83ms (Views: 1.6ms | ActiveRecord: 8.2ms)


Started GET "/projects/2" for ::1 at 2019-04-25 15:57:37 -0400
Processing by ProjectsController#show as */*
  Parameters: {"id"=>"2"}
Filter chain halted as :authenticate rendered or redirected
Completed 401 Unauthorized in 0ms (Views: 0.1ms | ActiveRecord: 0.0ms)


Started DELETE "/projects/2" for ::1 at 2019-04-25 15:58:24 -0400
Processing by ProjectsController#destroy as */*
  Parameters: {"id"=>"2"}
  [1m[36mUser Load (1.0ms)[0m  [1m[34mSELECT  "users".* FROM "users" WHERE "users"."token" = $1 LIMIT $2[0m  [["token", "4f8e668135ba55898193fe254a49f154"], ["LIMIT", 1]]
  [1m[36mProject Load (0.5ms)[0m  [1m[34mSELECT  "projects".* FROM "projects" WHERE "projects"."user_id" = $1 AND "projects"."id" = $2 LIMIT $3[0m  [["user_id", 1], ["id", 2], ["LIMIT", 1]]
  [1m[35m (0.1ms)[0m  [1m[35mBEGIN[0m
  [1m[36mProject Destroy (0.3ms)[0m  [1m[31mDELETE FROM "projects" WHERE "projects"."id" = $1[0m  [["id", 2]]
  [1m[35m (0.3ms)[0m  [1m[35mCOMMIT[0m
Completed 204 No Content in 5ms (ActiveRecord: 2.1ms)


Started POST "/projects" for ::1 at 2019-04-25 15:58:58 -0400
Processing by ProjectsController#create as */*
  Parameters: {"project"=>{"project_name"=>"Winery", "date"=>"2019-04-25", "description"=>"Fancy new winery", "team_needs"=>"wine guy", "contact_email"=>"winelover@email.com"}}
  [1m[36mUser Load (0.2ms)[0m  [1m[34mSELECT  "users".* FROM "users" WHERE "users"."token" = $1 LIMIT $2[0m  [["token", "4f8e668135ba55898193fe254a49f154"], ["LIMIT", 1]]
  [1m[35m (0.1ms)[0m  [1m[35mBEGIN[0m
  [1m[36mProject Create (0.4ms)[0m  [1m[32mINSERT INTO "projects" ("project_name", "date", "description", "team_needs", "contact_email", "created_at", "updated_at", "user_id") VALUES ($1, $2, $3, $4, $5, $6, $7, $8) RETURNING "id"[0m  [["project_name", "Winery"], ["date", "2019-04-25 00:00:00"], ["description", "Fancy new winery"], ["team_needs", "wine guy"], ["contact_email", "winelover@email.com"], ["created_at", "2019-04-25 19:58:58.151282"], ["updated_at", "2019-04-25 19:58:58.151282"], ["user_id", 1]]
  [1m[35m (0.8ms)[0m  [1m[35mCOMMIT[0m
[active_model_serializers] Rendered ProjectSerializer with ActiveModelSerializers::Adapter::Json (0.25ms)
Completed 201 Created in 5ms (Views: 0.8ms | ActiveRecord: 1.7ms)


Started DELETE "/projects/3" for ::1 at 2019-04-25 15:59:12 -0400
Processing by ProjectsController#destroy as */*
  Parameters: {"id"=>"3"}
  [1m[36mUser Load (0.3ms)[0m  [1m[34mSELECT  "users".* FROM "users" WHERE "users"."token" = $1 LIMIT $2[0m  [["token", "4f8e668135ba55898193fe254a49f154"], ["LIMIT", 1]]
  [1m[36mProject Load (0.3ms)[0m  [1m[34mSELECT  "projects".* FROM "projects" WHERE "projects"."user_id" = $1 AND "projects"."id" = $2 LIMIT $3[0m  [["user_id", 1], ["id", 3], ["LIMIT", 1]]
  [1m[35m (0.1ms)[0m  [1m[35mBEGIN[0m
  [1m[36mProject Destroy (0.3ms)[0m  [1m[31mDELETE FROM "projects" WHERE "projects"."id" = $1[0m  [["id", 3]]
  [1m[35m (0.3ms)[0m  [1m[35mCOMMIT[0m
Completed 204 No Content in 4ms (ActiveRecord: 1.3ms)


Started DELETE "/projects/3" for ::1 at 2019-04-25 15:59:29 -0400
Processing by ProjectsController#destroy as */*
  Parameters: {"id"=>"3"}
  [1m[36mUser Load (0.2ms)[0m  [1m[34mSELECT  "users".* FROM "users" WHERE "users"."token" = $1 LIMIT $2[0m  [["token", "4f8e668135ba55898193fe254a49f154"], ["LIMIT", 1]]
  [1m[36mProject Load (0.2ms)[0m  [1m[34mSELECT  "projects".* FROM "projects" WHERE "projects"."user_id" = $1 AND "projects"."id" = $2 LIMIT $3[0m  [["user_id", 1], ["id", 3], ["LIMIT", 1]]
[active_model_serializers] Rendered ActiveModel::Serializer::Null with Hash (0.06ms)
Completed 404 Not Found in 5ms (Views: 2.4ms | ActiveRecord: 0.4ms)


Started DELETE "/projects/3" for ::1 at 2019-04-25 16:02:12 -0400
Processing by ProjectsController#destroy as */*
  Parameters: {"id"=>"3"}
  [1m[36mUser Load (0.2ms)[0m  [1m[34mSELECT  "users".* FROM "users" WHERE "users"."token" = $1 LIMIT $2[0m  [["token", "4f8e668135ba55898193fe254a49f154"], ["LIMIT", 1]]
  [1m[36mProject Load (0.2ms)[0m  [1m[34mSELECT  "projects".* FROM "projects" WHERE "projects"."user_id" = $1 AND "projects"."id" = $2 LIMIT $3[0m  [["user_id", 1], ["id", 3], ["LIMIT", 1]]
[active_model_serializers] Rendered ActiveModel::Serializer::Null with Hash (0.06ms)
Completed 404 Not Found in 2ms (Views: 0.3ms | ActiveRecord: 0.4ms)


Started POST "/projects" for ::1 at 2019-04-25 16:02:27 -0400
Processing by ProjectsController#create as */*
  Parameters: {"project"=>{"project_name"=>"Winery", "date"=>"2019-04-25", "description"=>"Fancy new winery", "team_needs"=>"wine guy", "contact_email"=>"winelover@email.com"}}
  [1m[36mUser Load (0.2ms)[0m  [1m[34mSELECT  "users".* FROM "users" WHERE "users"."token" = $1 LIMIT $2[0m  [["token", "4f8e668135ba55898193fe254a49f154"], ["LIMIT", 1]]
  [1m[35m (0.1ms)[0m  [1m[35mBEGIN[0m
  [1m[36mProject Create (0.2ms)[0m  [1m[32mINSERT INTO "projects" ("project_name", "date", "description", "team_needs", "contact_email", "created_at", "updated_at", "user_id") VALUES ($1, $2, $3, $4, $5, $6, $7, $8) RETURNING "id"[0m  [["project_name", "Winery"], ["date", "2019-04-25 00:00:00"], ["description", "Fancy new winery"], ["team_needs", "wine guy"], ["contact_email", "winelover@email.com"], ["created_at", "2019-04-25 20:02:27.247980"], ["updated_at", "2019-04-25 20:02:27.247980"], ["user_id", 1]]
  [1m[35m (0.8ms)[0m  [1m[35mCOMMIT[0m
[active_model_serializers] Rendered ProjectSerializer with ActiveModelSerializers::Adapter::Json (0.24ms)
Completed 201 Created in 5ms (Views: 0.7ms | ActiveRecord: 1.4ms)


Started DELETE "/projects/4" for ::1 at 2019-04-25 16:02:39 -0400
Processing by ProjectsController#destroy as */*
  Parameters: {"id"=>"4"}
  [1m[36mUser Load (0.3ms)[0m  [1m[34mSELECT  "users".* FROM "users" WHERE "users"."token" = $1 LIMIT $2[0m  [["token", "4f8e668135ba55898193fe254a49f154"], ["LIMIT", 1]]
  [1m[36mProject Load (0.3ms)[0m  [1m[34mSELECT  "projects".* FROM "projects" WHERE "projects"."user_id" = $1 AND "projects"."id" = $2 LIMIT $3[0m  [["user_id", 1], ["id", 4], ["LIMIT", 1]]
  [1m[35m (0.1ms)[0m  [1m[35mBEGIN[0m
  [1m[36mProject Destroy (0.2ms)[0m  [1m[31mDELETE FROM "projects" WHERE "projects"."id" = $1[0m  [["id", 4]]
  [1m[35m (0.8ms)[0m  [1m[35mCOMMIT[0m
Completed 204 No Content in 4ms (ActiveRecord: 1.6ms)


Started POST "//sign-in" for ::1 at 2019-04-26 13:43:30 -0400
Processing by UsersController#signin as */*
  Parameters: {"credentials"=>{"email"=>"monkeybutt@email.com", "password"=>"[FILTERED]"}}
  [1m[36mUser Load (6.6ms)[0m  [1m[34mSELECT  "users".* FROM "users" WHERE "users"."email" = $1 LIMIT $2[0m  [["email", "monkeybutt@email.com"], ["LIMIT", 1]]
Completed 401 Unauthorized in 14ms (ActiveRecord: 6.6ms)


Started POST "//sign-up" for ::1 at 2019-04-26 13:43:39 -0400
Processing by UsersController#signup as */*
  Parameters: {"credentials"=>{"email"=>"monkeybutt@email.com", "password"=>"[FILTERED]", "password_confirmation"=>"[FILTERED]"}}
  [1m[35m (1.6ms)[0m  [1m[35mBEGIN[0m
  [1m[36mUser Exists (0.3ms)[0m  [1m[34mSELECT  1 AS one FROM "users" WHERE "users"."email" = $1 LIMIT $2[0m  [["email", "monkeybutt@email.com"], ["LIMIT", 1]]
  [1m[36mUser Create (9.7ms)[0m  [1m[32mINSERT INTO "users" ("email", "token", "password_digest", "created_at", "updated_at") VALUES ($1, $2, $3, $4, $5) RETURNING "id"[0m  [["email", "monkeybutt@email.com"], ["token", "3df40b56964d8f0557065cfe5ffefc6c"], ["password_digest", "$2a$10$/TleuvDO1sltK/CajMerTe9yJcENGeg5CUVlkN4UEl.KlQ/zDFIRq"], ["created_at", "2019-04-26 17:43:39.217335"], ["updated_at", "2019-04-26 17:43:39.217335"]]
  [1m[35m (1.0ms)[0m  [1m[35mCOMMIT[0m
  [1m[36mUser Exists (0.4ms)[0m  [1m[34mSELECT  1 AS one FROM "users" WHERE "users"."email" = $1 AND "users"."id" != $2 LIMIT $3[0m  [["email", "monkeybutt@email.com"], ["id", 2], ["LIMIT", 1]]
[active_model_serializers] Rendered UserSerializer with ActiveModelSerializers::Adapter::Json (3.31ms)
Completed 201 Created in 101ms (Views: 11.4ms | ActiveRecord: 13.0ms)


Started POST "//sign-in" for ::1 at 2019-04-26 13:43:41 -0400
Processing by UsersController#signin as */*
  Parameters: {"credentials"=>{"email"=>"monkeybutt@email.com", "password"=>"[FILTERED]"}}
  [1m[36mUser Load (0.5ms)[0m  [1m[34mSELECT  "users".* FROM "users" WHERE "users"."email" = $1 LIMIT $2[0m  [["email", "monkeybutt@email.com"], ["LIMIT", 1]]
  [1m[36mUser Update (3.6ms)[0m  [1m[33mUPDATE "users" SET "token" = $1, "updated_at" = $2 WHERE "users"."id" = $3[0m  [["token", "56358a61726c7e05cb3d3746aaad78bb"], ["updated_at", "2019-04-26 17:43:41.769552"], ["id", 2]]
[active_model_serializers] Rendered UserLoginSerializer with ActiveModelSerializers::Adapter::Json (0.62ms)
Completed 200 OK in 70ms (Views: 1.2ms | ActiveRecord: 4.0ms)


Started POST "//sign-in" for ::1 at 2019-04-26 13:46:11 -0400
Processing by UsersController#signin as */*
  Parameters: {"credentials"=>{"email"=>"monkeybutt@email.com", "password"=>"[FILTERED]"}}
  [1m[36mUser Load (0.2ms)[0m  [1m[34mSELECT  "users".* FROM "users" WHERE "users"."email" = $1 LIMIT $2[0m  [["email", "monkeybutt@email.com"], ["LIMIT", 1]]
  [1m[36mUser Update (32.9ms)[0m  [1m[33mUPDATE "users" SET "token" = $1, "updated_at" = $2 WHERE "users"."id" = $3[0m  [["token", "1c2c6e2111a865572ef21485ba87625b"], ["updated_at", "2019-04-26 17:46:11.408581"], ["id", 2]]
[active_model_serializers] Rendered UserLoginSerializer with ActiveModelSerializers::Adapter::Json (0.3ms)
Completed 200 OK in 146ms (Views: 0.6ms | ActiveRecord: 54.4ms)


Started POST "//sign-in" for ::1 at 2019-04-26 13:49:46 -0400
Processing by UsersController#signin as */*
  Parameters: {"credentials"=>{"email"=>"monkeybutt@email.com", "password"=>"[FILTERED]"}}
  [1m[36mUser Load (0.3ms)[0m  [1m[34mSELECT  "users".* FROM "users" WHERE "users"."email" = $1 LIMIT $2[0m  [["email", "monkeybutt@email.com"], ["LIMIT", 1]]
  [1m[36mUser Update (2.0ms)[0m  [1m[33mUPDATE "users" SET "token" = $1, "updated_at" = $2 WHERE "users"."id" = $3[0m  [["token", "5778e903c12fcf052afad837ed4ace45"], ["updated_at", "2019-04-26 17:49:46.481521"], ["id", 2]]
[active_model_serializers] Rendered UserLoginSerializer with ActiveModelSerializers::Adapter::Json (0.17ms)
Completed 200 OK in 64ms (Views: 0.6ms | ActiveRecord: 2.3ms)


Started POST "//sign-in" for ::1 at 2019-04-26 13:52:50 -0400
Processing by UsersController#signin as */*
  Parameters: {"credentials"=>{"email"=>"monkeybutt@email.com", "password"=>"[FILTERED]"}}
  [1m[36mUser Load (0.3ms)[0m  [1m[34mSELECT  "users".* FROM "users" WHERE "users"."email" = $1 LIMIT $2[0m  [["email", "monkeybutt@email.com"], ["LIMIT", 1]]
  [1m[36mUser Update (0.7ms)[0m  [1m[33mUPDATE "users" SET "token" = $1, "updated_at" = $2 WHERE "users"."id" = $3[0m  [["token", "ba96de270b2d291cf98e82cd6c1eb8fb"], ["updated_at", "2019-04-26 17:52:50.441304"], ["id", 2]]
[active_model_serializers] Rendered UserLoginSerializer with ActiveModelSerializers::Adapter::Json (0.17ms)
Completed 200 OK in 62ms (Views: 0.7ms | ActiveRecord: 1.0ms)


Started POST "//sign-in" for ::1 at 2019-04-26 13:53:25 -0400
Processing by UsersController#signin as */*
  Parameters: {"credentials"=>{"email"=>"monkeybutt@email.com", "password"=>"[FILTERED]"}}
  [1m[36mUser Load (0.3ms)[0m  [1m[34mSELECT  "users".* FROM "users" WHERE "users"."email" = $1 LIMIT $2[0m  [["email", "monkeybutt@email.com"], ["LIMIT", 1]]
  [1m[36mUser Update (1.8ms)[0m  [1m[33mUPDATE "users" SET "token" = $1, "updated_at" = $2 WHERE "users"."id" = $3[0m  [["token", "36a94f3a060309c8075cf403ce73c264"], ["updated_at", "2019-04-26 17:53:25.564521"], ["id", 2]]
[active_model_serializers] Rendered UserLoginSerializer with ActiveModelSerializers::Adapter::Json (0.16ms)
Completed 200 OK in 64ms (Views: 0.6ms | ActiveRecord: 2.1ms)


Started POST "//sign-in" for ::1 at 2019-04-26 13:56:13 -0400
Processing by UsersController#signin as */*
  Parameters: {"credentials"=>{"email"=>"monkeybutt@email.com", "password"=>"[FILTERED]"}}
  [1m[36mUser Load (0.3ms)[0m  [1m[34mSELECT  "users".* FROM "users" WHERE "users"."email" = $1 LIMIT $2[0m  [["email", "monkeybutt@email.com"], ["LIMIT", 1]]
  [1m[36mUser Update (3.9ms)[0m  [1m[33mUPDATE "users" SET "token" = $1, "updated_at" = $2 WHERE "users"."id" = $3[0m  [["token", "0b9bce954454bf786a322de8d101808f"], ["updated_at", "2019-04-26 17:56:13.594849"], ["id", 2]]
[active_model_serializers] Rendered UserLoginSerializer with ActiveModelSerializers::Adapter::Json (0.16ms)
Completed 200 OK in 66ms (Views: 0.7ms | ActiveRecord: 4.2ms)


Started POST "//sign-in" for ::1 at 2019-04-26 13:56:40 -0400
Processing by UsersController#signin as */*
  Parameters: {"credentials"=>{"email"=>"monkeybutt@email.com", "password"=>"[FILTERED]"}}
  [1m[36mUser Load (0.3ms)[0m  [1m[34mSELECT  "users".* FROM "users" WHERE "users"."email" = $1 LIMIT $2[0m  [["email", "monkeybutt@email.com"], ["LIMIT", 1]]
  [1m[36mUser Update (2.5ms)[0m  [1m[33mUPDATE "users" SET "token" = $1, "updated_at" = $2 WHERE "users"."id" = $3[0m  [["token", "6a84b033c2b7ca21a770890eeb19313a"], ["updated_at", "2019-04-26 17:56:40.167935"], ["id", 2]]
[active_model_serializers] Rendered UserLoginSerializer with ActiveModelSerializers::Adapter::Json (0.38ms)
Completed 200 OK in 65ms (Views: 0.7ms | ActiveRecord: 2.8ms)


Started POST "//sign-in" for ::1 at 2019-04-26 14:41:09 -0400
Processing by UsersController#signin as */*
  Parameters: {"credentials"=>{"email"=>"monkeybutt@email.com", "password"=>"[FILTERED]"}}
  [1m[36mUser Load (5.8ms)[0m  [1m[34mSELECT  "users".* FROM "users" WHERE "users"."email" = $1 LIMIT $2[0m  [["email", "monkeybutt@email.com"], ["LIMIT", 1]]
  [1m[36mUser Update (4.2ms)[0m  [1m[33mUPDATE "users" SET "token" = $1, "updated_at" = $2 WHERE "users"."id" = $3[0m  [["token", "8122a34be33af81d3d34f95ee3310e41"], ["updated_at", "2019-04-26 18:41:09.659903"], ["id", 2]]
[active_model_serializers] Rendered UserLoginSerializer with ActiveModelSerializers::Adapter::Json (0.2ms)
Completed 200 OK in 69ms (Views: 0.6ms | ActiveRecord: 10.0ms)


Started POST "//sign-in" for ::1 at 2019-04-26 14:42:27 -0400
Processing by UsersController#signin as */*
  Parameters: {"credentials"=>{"email"=>"monkeybutt@email.com", "password"=>"[FILTERED]"}}
  [1m[36mUser Load (0.2ms)[0m  [1m[34mSELECT  "users".* FROM "users" WHERE "users"."email" = $1 LIMIT $2[0m  [["email", "monkeybutt@email.com"], ["LIMIT", 1]]
  [1m[36mUser Update (2.2ms)[0m  [1m[33mUPDATE "users" SET "token" = $1, "updated_at" = $2 WHERE "users"."id" = $3[0m  [["token", "722e0824acc52df1bd1ab6226911e5fc"], ["updated_at", "2019-04-26 18:42:27.173348"], ["id", 2]]
[active_model_serializers] Rendered UserLoginSerializer with ActiveModelSerializers::Adapter::Json (0.21ms)
Completed 200 OK in 65ms (Views: 0.9ms | ActiveRecord: 2.6ms)


Started POST "//sign-in" for ::1 at 2019-04-26 14:46:07 -0400
Processing by UsersController#signin as */*
  Parameters: {"credentials"=>{"email"=>"monkeybutt@email.com", "password"=>"[FILTERED]"}}
  [1m[36mUser Load (0.3ms)[0m  [1m[34mSELECT  "users".* FROM "users" WHERE "users"."email" = $1 LIMIT $2[0m  [["email", "monkeybutt@email.com"], ["LIMIT", 1]]
  [1m[36mUser Update (2.3ms)[0m  [1m[33mUPDATE "users" SET "token" = $1, "updated_at" = $2 WHERE "users"."id" = $3[0m  [["token", "238b6a7ed9bd3bd77122c68d64b0a5d7"], ["updated_at", "2019-04-26 18:46:07.975725"], ["id", 2]]
[active_model_serializers] Rendered UserLoginSerializer with ActiveModelSerializers::Adapter::Json (0.2ms)
Completed 200 OK in 65ms (Views: 0.5ms | ActiveRecord: 2.6ms)


Started POST "//sign-in" for ::1 at 2019-04-26 14:59:18 -0400
Processing by UsersController#signin as */*
  Parameters: {"credentials"=>{"email"=>"monkeybutt@email.com", "password"=>"[FILTERED]"}}
  [1m[36mUser Load (0.9ms)[0m  [1m[34mSELECT  "users".* FROM "users" WHERE "users"."email" = $1 LIMIT $2[0m  [["email", "monkeybutt@email.com"], ["LIMIT", 1]]
  [1m[36mUser Update (5.1ms)[0m  [1m[33mUPDATE "users" SET "token" = $1, "updated_at" = $2 WHERE "users"."id" = $3[0m  [["token", "5a76cb966fb450aae32d5a84015a0a5f"], ["updated_at", "2019-04-26 18:59:18.811218"], ["id", 2]]
[active_model_serializers] Rendered UserLoginSerializer with ActiveModelSerializers::Adapter::Json (0.19ms)
Completed 200 OK in 104ms (Views: 0.6ms | ActiveRecord: 6.0ms)


Started POST "//sign-in" for ::1 at 2019-04-26 15:02:15 -0400
Processing by UsersController#signin as */*
  Parameters: {"credentials"=>{"email"=>"monkeybutt@email.com", "password"=>"[FILTERED]"}}
  [1m[36mUser Load (0.2ms)[0m  [1m[34mSELECT  "users".* FROM "users" WHERE "users"."email" = $1 LIMIT $2[0m  [["email", "monkeybutt@email.com"], ["LIMIT", 1]]
  [1m[36mUser Update (4.0ms)[0m  [1m[33mUPDATE "users" SET "token" = $1, "updated_at" = $2 WHERE "users"."id" = $3[0m  [["token", "c54157048adfcde47256decfd510e7c3"], ["updated_at", "2019-04-26 19:02:15.326168"], ["id", 2]]
[active_model_serializers] Rendered UserLoginSerializer with ActiveModelSerializers::Adapter::Json (0.14ms)
Completed 200 OK in 116ms (Views: 13.6ms | ActiveRecord: 4.4ms)


Started POST "//sign-in" for ::1 at 2019-04-26 15:19:31 -0400
Processing by UsersController#signin as */*
  Parameters: {"credentials"=>{"email"=>"monkeybutt@email.com", "password"=>"[FILTERED]"}}
  [1m[36mUser Load (1.0ms)[0m  [1m[34mSELECT  "users".* FROM "users" WHERE "users"."email" = $1 LIMIT $2[0m  [["email", "monkeybutt@email.com"], ["LIMIT", 1]]
  [1m[36mUser Update (5.4ms)[0m  [1m[33mUPDATE "users" SET "token" = $1, "updated_at" = $2 WHERE "users"."id" = $3[0m  [["token", "e55c4be8df985f5179993288268429c5"], ["updated_at", "2019-04-26 19:19:31.871519"], ["id", 2]]
[active_model_serializers] Rendered UserLoginSerializer with ActiveModelSerializers::Adapter::Json (0.17ms)
Completed 200 OK in 84ms (Views: 11.8ms | ActiveRecord: 6.4ms)


Started POST "//sign-in" for ::1 at 2019-04-26 15:25:04 -0400
Processing by UsersController#signin as */*
  Parameters: {"credentials"=>{"email"=>"monkeybutt@email.com", "password"=>"[FILTERED]"}}
  [1m[36mUser Load (0.8ms)[0m  [1m[34mSELECT  "users".* FROM "users" WHERE "users"."email" = $1 LIMIT $2[0m  [["email", "monkeybutt@email.com"], ["LIMIT", 1]]
  [1m[36mUser Update (4.2ms)[0m  [1m[33mUPDATE "users" SET "token" = $1, "updated_at" = $2 WHERE "users"."id" = $3[0m  [["token", "2fbc3494481dd9b5516397c79220ddf4"], ["updated_at", "2019-04-26 19:25:04.700024"], ["id", 2]]
[active_model_serializers] Rendered UserLoginSerializer with ActiveModelSerializers::Adapter::Json (4.89ms)
Completed 200 OK in 77ms (Views: 5.2ms | ActiveRecord: 5.1ms)


Started POST "//sign-in" for ::1 at 2019-04-26 15:26:16 -0400
Processing by UsersController#signin as */*
  Parameters: {"credentials"=>{"email"=>"monkeybutt@email.com", "password"=>"[FILTERED]"}}
  [1m[36mUser Load (0.3ms)[0m  [1m[34mSELECT  "users".* FROM "users" WHERE "users"."email" = $1 LIMIT $2[0m  [["email", "monkeybutt@email.com"], ["LIMIT", 1]]
  [1m[36mUser Update (3.0ms)[0m  [1m[33mUPDATE "users" SET "token" = $1, "updated_at" = $2 WHERE "users"."id" = $3[0m  [["token", "b6001c332f7c4867d57078cdccc8d1cc"], ["updated_at", "2019-04-26 19:26:16.064432"], ["id", 2]]
[active_model_serializers] Rendered UserLoginSerializer with ActiveModelSerializers::Adapter::Json (0.21ms)
Completed 200 OK in 69ms (Views: 2.5ms | ActiveRecord: 3.3ms)


Started POST "//projects" for ::1 at 2019-04-26 15:26:29 -0400
Processing by ProjectsController#create as */*
  Parameters: {"project"=>{"project_name"=>"apple store", "date"=>"2019-04-02", "description"=>{"n"=>"sells apples"}, "team_needs"=>"one guy", "contact_email"=>"trevorsosvielle85@gmail.com"}}
  [1m[36mUser Load (0.2ms)[0m  [1m[34mSELECT  "users".* FROM "users" WHERE "users"."token" = $1 LIMIT $2[0m  [["token", "b6001c332f7c4867d57078cdccc8d1cc"], ["LIMIT", 1]]
Unpermitted parameter: :description
  [1m[35m (0.2ms)[0m  [1m[35mBEGIN[0m
  [1m[36mProject Create (4.6ms)[0m  [1m[32mINSERT INTO "projects" ("project_name", "date", "team_needs", "contact_email", "created_at", "updated_at", "user_id") VALUES ($1, $2, $3, $4, $5, $6, $7) RETURNING "id"[0m  [["project_name", "apple store"], ["date", "2019-04-02 00:00:00"], ["team_needs", "one guy"], ["contact_email", "trevorsosvielle85@gmail.com"], ["created_at", "2019-04-26 19:26:29.887975"], ["updated_at", "2019-04-26 19:26:29.887975"], ["user_id", 2]]
  [1m[35m (0.3ms)[0m  [1m[35mCOMMIT[0m
[active_model_serializers] Rendered ProjectSerializer with ActiveModelSerializers::Adapter::Json (0.62ms)
Completed 201 Created in 23ms (Views: 1.0ms | ActiveRecord: 5.4ms)


Started GET "/projects" for ::1 at 2019-04-26 15:26:56 -0400
Processing by ProjectsController#index as HTML
Filter chain halted as :authenticate rendered or redirected
Completed 401 Unauthorized in 2ms (Views: 0.1ms | ActiveRecord: 0.0ms)


Started GET "/projects" for ::1 at 2019-04-26 15:28:03 -0400
Processing by ProjectsController#index as HTML
Filter chain halted as :authenticate rendered or redirected
Completed 401 Unauthorized in 0ms (Views: 0.1ms | ActiveRecord: 0.0ms)


Started POST "//sign-in" for ::1 at 2019-04-26 15:28:08 -0400
Processing by UsersController#signin as */*
  Parameters: {"credentials"=>{"email"=>"monkeybutt@email.com", "password"=>"[FILTERED]"}}
  [1m[36mUser Load (0.3ms)[0m  [1m[34mSELECT  "users".* FROM "users" WHERE "users"."email" = $1 LIMIT $2[0m  [["email", "monkeybutt@email.com"], ["LIMIT", 1]]
  [1m[36mUser Update (3.0ms)[0m  [1m[33mUPDATE "users" SET "token" = $1, "updated_at" = $2 WHERE "users"."id" = $3[0m  [["token", "22163ecd0ac4f50fc045293db362a2bf"], ["updated_at", "2019-04-26 19:28:08.387159"], ["id", 2]]
[active_model_serializers] Rendered UserLoginSerializer with ActiveModelSerializers::Adapter::Json (0.2ms)
Completed 200 OK in 64ms (Views: 0.6ms | ActiveRecord: 3.2ms)


Started POST "//projects" for ::1 at 2019-04-26 15:28:16 -0400
Processing by ProjectsController#create as */*
  Parameters: {"project"=>{"project_name"=>"apple store", "date"=>"2019-04-09", "description"=>{"n"=>"sells apples"}, "team_needs"=>"one guy", "contact_email"=>"trevorsosvielle85@gmail.com"}}
  [1m[36mUser Load (0.3ms)[0m  [1m[34mSELECT  "users".* FROM "users" WHERE "users"."token" = $1 LIMIT $2[0m  [["token", "22163ecd0ac4f50fc045293db362a2bf"], ["LIMIT", 1]]
Unpermitted parameter: :description
  [1m[35m (0.2ms)[0m  [1m[35mBEGIN[0m
  [1m[36mProject Create (0.3ms)[0m  [1m[32mINSERT INTO "projects" ("project_name", "date", "team_needs", "contact_email", "created_at", "updated_at", "user_id") VALUES ($1, $2, $3, $4, $5, $6, $7) RETURNING "id"[0m  [["project_name", "apple store"], ["date", "2019-04-09 00:00:00"], ["team_needs", "one guy"], ["contact_email", "trevorsosvielle85@gmail.com"], ["created_at", "2019-04-26 19:28:16.091493"], ["updated_at", "2019-04-26 19:28:16.091493"], ["user_id", 2]]
  [1m[35m (1.5ms)[0m  [1m[35mCOMMIT[0m
[active_model_serializers] Rendered ProjectSerializer with ActiveModelSerializers::Adapter::Json (0.21ms)
Completed 201 Created in 13ms (Views: 0.6ms | ActiveRecord: 2.3ms)


Started GET "//projects" for ::1 at 2019-04-26 15:28:37 -0400
Processing by ProjectsController#index as HTML
Filter chain halted as :authenticate rendered or redirected
Completed 401 Unauthorized in 0ms (Views: 0.1ms | ActiveRecord: 0.0ms)


Started GET "/projects" for ::1 at 2019-04-26 15:28:44 -0400
Processing by ProjectsController#index as HTML
Filter chain halted as :authenticate rendered or redirected
Completed 401 Unauthorized in 1ms (Views: 0.1ms | ActiveRecord: 0.0ms)


Started GET "/projects" for ::1 at 2019-04-26 15:34:21 -0400
Processing by ProjectsController#index as HTML
Filter chain halted as :authenticate rendered or redirected
Completed 401 Unauthorized in 0ms (Views: 0.1ms | ActiveRecord: 0.0ms)


Started GET "/projects" for ::1 at 2019-04-26 15:34:22 -0400
Processing by ProjectsController#index as HTML
Filter chain halted as :authenticate rendered or redirected
Completed 401 Unauthorized in 0ms (Views: 0.1ms | ActiveRecord: 0.0ms)


Started POST "//sign-in" for ::1 at 2019-04-26 15:34:27 -0400
Processing by UsersController#signin as */*
  Parameters: {"credentials"=>{"email"=>"monkeybutt@email.com", "password"=>"[FILTERED]"}}
  [1m[36mUser Load (0.2ms)[0m  [1m[34mSELECT  "users".* FROM "users" WHERE "users"."email" = $1 LIMIT $2[0m  [["email", "monkeybutt@email.com"], ["LIMIT", 1]]
  [1m[36mUser Update (1.2ms)[0m  [1m[33mUPDATE "users" SET "token" = $1, "updated_at" = $2 WHERE "users"."id" = $3[0m  [["token", "37d111fa7ded434427cbd0dff3b5ad23"], ["updated_at", "2019-04-26 19:34:27.558094"], ["id", 2]]
[active_model_serializers] Rendered UserLoginSerializer with ActiveModelSerializers::Adapter::Json (0.27ms)
Completed 200 OK in 104ms (Views: 0.7ms | ActiveRecord: 29.4ms)


Started POST "//projects" for ::1 at 2019-04-26 15:34:35 -0400
Processing by ProjectsController#create as */*
  Parameters: {"project"=>{"project_name"=>"apple store", "date"=>"2019-04-09", "description"=>{"n"=>"sells apples"}, "team_needs"=>"one guy", "contact_email"=>"trevorsosvielle85@gmail.com"}}
  [1m[36mUser Load (0.3ms)[0m  [1m[34mSELECT  "users".* FROM "users" WHERE "users"."token" = $1 LIMIT $2[0m  [["token", "37d111fa7ded434427cbd0dff3b5ad23"], ["LIMIT", 1]]
Unpermitted parameter: :description
  [1m[35m (0.1ms)[0m  [1m[35mBEGIN[0m
  [1m[36mProject Create (2.2ms)[0m  [1m[32mINSERT INTO "projects" ("project_name", "date", "team_needs", "contact_email", "created_at", "updated_at", "user_id") VALUES ($1, $2, $3, $4, $5, $6, $7) RETURNING "id"[0m  [["project_name", "apple store"], ["date", "2019-04-09 00:00:00"], ["team_needs", "one guy"], ["contact_email", "trevorsosvielle85@gmail.com"], ["created_at", "2019-04-26 19:34:35.222194"], ["updated_at", "2019-04-26 19:34:35.222194"], ["user_id", 2]]
  [1m[35m (0.3ms)[0m  [1m[35mCOMMIT[0m
[active_model_serializers] Rendered ProjectSerializer with ActiveModelSerializers::Adapter::Json (0.44ms)
Completed 201 Created in 24ms (Views: 2.1ms | ActiveRecord: 5.4ms)


Started GET "/projects" for ::1 at 2019-04-26 15:34:38 -0400
Processing by ProjectsController#index as HTML
Filter chain halted as :authenticate rendered or redirected
Completed 401 Unauthorized in 0ms (Views: 0.1ms | ActiveRecord: 0.0ms)


Started GET "/projects" for ::1 at 2019-04-26 15:34:39 -0400
Processing by ProjectsController#index as HTML
Filter chain halted as :authenticate rendered or redirected
Completed 401 Unauthorized in 0ms (Views: 0.1ms | ActiveRecord: 0.0ms)


Started POST "//sign-in" for ::1 at 2019-04-26 15:36:05 -0400
Processing by UsersController#signin as */*
  Parameters: {"credentials"=>{"email"=>"monkeybutt@email.com", "password"=>"[FILTERED]"}}
  [1m[36mUser Load (0.3ms)[0m  [1m[34mSELECT  "users".* FROM "users" WHERE "users"."email" = $1 LIMIT $2[0m  [["email", "monkeybutt@email.com"], ["LIMIT", 1]]
  [1m[36mUser Update (31.1ms)[0m  [1m[33mUPDATE "users" SET "token" = $1, "updated_at" = $2 WHERE "users"."id" = $3[0m  [["token", "e2a1f02ae895a8d8a95b603d38c41a5c"], ["updated_at", "2019-04-26 19:36:05.323490"], ["id", 2]]
[active_model_serializers] Rendered UserLoginSerializer with ActiveModelSerializers::Adapter::Json (0.15ms)
Completed 200 OK in 80ms (Views: 0.5ms | ActiveRecord: 31.4ms)


Started POST "//projects" for ::1 at 2019-04-26 15:36:24 -0400
Processing by ProjectsController#create as */*
  Parameters: {"project"=>{"project_name"=>"orange store", "date"=>"2012-11-27", "description"=>{"n"=>"orange store"}, "team_needs"=>"orange guy", "contact_email"=>"orangeguy@email.com"}}
  [1m[36mUser Load (0.2ms)[0m  [1m[34mSELECT  "users".* FROM "users" WHERE "users"."token" = $1 LIMIT $2[0m  [["token", "e2a1f02ae895a8d8a95b603d38c41a5c"], ["LIMIT", 1]]
Unpermitted parameter: :description
  [1m[35m (0.1ms)[0m  [1m[35mBEGIN[0m
  [1m[36mProject Create (0.3ms)[0m  [1m[32mINSERT INTO "projects" ("project_name", "date", "team_needs", "contact_email", "created_at", "updated_at", "user_id") VALUES ($1, $2, $3, $4, $5, $6, $7) RETURNING "id"[0m  [["project_name", "orange store"], ["date", "2012-11-27 00:00:00"], ["team_needs", "orange guy"], ["contact_email", "orangeguy@email.com"], ["created_at", "2019-04-26 19:36:24.778695"], ["updated_at", "2019-04-26 19:36:24.778695"], ["user_id", 2]]
  [1m[35m (0.3ms)[0m  [1m[35mCOMMIT[0m
[active_model_serializers] Rendered ProjectSerializer with ActiveModelSerializers::Adapter::Json (0.26ms)
Completed 201 Created in 5ms (Views: 0.7ms | ActiveRecord: 1.0ms)


Started POST "//sign-in" for ::1 at 2019-04-26 15:40:34 -0400
Processing by UsersController#signin as */*
  Parameters: {"credentials"=>{"email"=>"monkeybutt@email.com", "password"=>"[FILTERED]"}}
  [1m[36mUser Load (0.3ms)[0m  [1m[34mSELECT  "users".* FROM "users" WHERE "users"."email" = $1 LIMIT $2[0m  [["email", "monkeybutt@email.com"], ["LIMIT", 1]]
  [1m[36mUser Update (0.8ms)[0m  [1m[33mUPDATE "users" SET "token" = $1, "updated_at" = $2 WHERE "users"."id" = $3[0m  [["token", "a30436c00ae71db83d6cbec354a76b92"], ["updated_at", "2019-04-26 19:40:34.248616"], ["id", 2]]
[active_model_serializers] Rendered UserLoginSerializer with ActiveModelSerializers::Adapter::Json (0.18ms)
Completed 200 OK in 83ms (Views: 0.6ms | ActiveRecord: 3.6ms)


Started POST "//projects" for ::1 at 2019-04-26 15:40:51 -0400
Processing by ProjectsController#create as */*
  Parameters: {"project"=>{"project_name"=>"orange store", "date"=>"2019-04-17", "description"=>{"n"=>"orange store"}, "team_needs"=>"orange guy", "contact_email"=>"trevorsosvielle85@gmail.com"}}
  [1m[36mUser Load (0.3ms)[0m  [1m[34mSELECT  "users".* FROM "users" WHERE "users"."token" = $1 LIMIT $2[0m  [["token", "a30436c00ae71db83d6cbec354a76b92"], ["LIMIT", 1]]
Unpermitted parameter: :description
  [1m[35m (0.1ms)[0m  [1m[35mBEGIN[0m
  [1m[36mProject Create (0.3ms)[0m  [1m[32mINSERT INTO "projects" ("project_name", "date", "team_needs", "contact_email", "created_at", "updated_at", "user_id") VALUES ($1, $2, $3, $4, $5, $6, $7) RETURNING "id"[0m  [["project_name", "orange store"], ["date", "2019-04-17 00:00:00"], ["team_needs", "orange guy"], ["contact_email", "trevorsosvielle85@gmail.com"], ["created_at", "2019-04-26 19:40:51.196221"], ["updated_at", "2019-04-26 19:40:51.196221"], ["user_id", 2]]
  [1m[35m (0.3ms)[0m  [1m[35mCOMMIT[0m
[active_model_serializers] Rendered ProjectSerializer with ActiveModelSerializers::Adapter::Json (0.53ms)
Completed 201 Created in 24ms (Views: 1.9ms | ActiveRecord: 4.1ms)


Started POST "//projects" for ::1 at 2019-04-26 15:41:34 -0400
Processing by ProjectsController#create as */*
  Parameters: {"project"=>{"project_name"=>"orange store", "date"=>"2019-04-17", "description"=>{"n"=>"orange store"}, "team_needs"=>"orange guy", "contact_email"=>"trevorsosvielle85@gmail.com"}}
  [1m[36mUser Load (0.3ms)[0m  [1m[34mSELECT  "users".* FROM "users" WHERE "users"."token" = $1 LIMIT $2[0m  [["token", "a30436c00ae71db83d6cbec354a76b92"], ["LIMIT", 1]]
Unpermitted parameter: :description
  [1m[35m (0.2ms)[0m  [1m[35mBEGIN[0m
  [1m[36mProject Create (0.4ms)[0m  [1m[32mINSERT INTO "projects" ("project_name", "date", "team_needs", "contact_email", "created_at", "updated_at", "user_id") VALUES ($1, $2, $3, $4, $5, $6, $7) RETURNING "id"[0m  [["project_name", "orange store"], ["date", "2019-04-17 00:00:00"], ["team_needs", "orange guy"], ["contact_email", "trevorsosvielle85@gmail.com"], ["created_at", "2019-04-26 19:41:34.279545"], ["updated_at", "2019-04-26 19:41:34.279545"], ["user_id", 2]]
  [1m[35m (7.1ms)[0m  [1m[35mCOMMIT[0m
[active_model_serializers] Rendered ProjectSerializer with ActiveModelSerializers::Adapter::Json (0.42ms)
Completed 201 Created in 16ms (Views: 1.0ms | ActiveRecord: 7.9ms)


Started GET "/projects" for ::1 at 2019-04-26 15:42:05 -0400
Processing by ProjectsController#index as HTML
Filter chain halted as :authenticate rendered or redirected
Completed 401 Unauthorized in 0ms (Views: 0.1ms | ActiveRecord: 0.0ms)


Started POST "//sign-in" for ::1 at 2019-04-26 15:43:10 -0400
Processing by UsersController#signin as */*
  Parameters: {"credentials"=>{"email"=>"monkeybutt@email.com", "password"=>"[FILTERED]"}}
  [1m[36mUser Load (0.2ms)[0m  [1m[34mSELECT  "users".* FROM "users" WHERE "users"."email" = $1 LIMIT $2[0m  [["email", "monkeybutt@email.com"], ["LIMIT", 1]]
  [1m[36mUser Update (2.5ms)[0m  [1m[33mUPDATE "users" SET "token" = $1, "updated_at" = $2 WHERE "users"."id" = $3[0m  [["token", "4a7187fb45ac0caf632e6aa3aa30cacf"], ["updated_at", "2019-04-26 19:43:10.535527"], ["id", 2]]
[active_model_serializers] Rendered UserLoginSerializer with ActiveModelSerializers::Adapter::Json (0.17ms)
Completed 200 OK in 68ms (Views: 0.5ms | ActiveRecord: 2.7ms)


Started POST "//projects" for ::1 at 2019-04-26 15:43:26 -0400
Processing by ProjectsController#create as */*
  Parameters: {"project"=>{"project_name"=>"apple store", "date"=>"2019-04-08", "description"=>"sells apples", "team_needs"=>"apple guy", "contact_email"=>"appleguy@email.com"}}
  [1m[36mUser Load (0.2ms)[0m  [1m[34mSELECT  "users".* FROM "users" WHERE "users"."token" = $1 LIMIT $2[0m  [["token", "4a7187fb45ac0caf632e6aa3aa30cacf"], ["LIMIT", 1]]
  [1m[35m (0.1ms)[0m  [1m[35mBEGIN[0m
  [1m[36mProject Create (0.2ms)[0m  [1m[32mINSERT INTO "projects" ("project_name", "date", "description", "team_needs", "contact_email", "created_at", "updated_at", "user_id") VALUES ($1, $2, $3, $4, $5, $6, $7, $8) RETURNING "id"[0m  [["project_name", "apple store"], ["date", "2019-04-08 00:00:00"], ["description", "sells apples"], ["team_needs", "apple guy"], ["contact_email", "appleguy@email.com"], ["created_at", "2019-04-26 19:43:26.989314"], ["updated_at", "2019-04-26 19:43:26.989314"], ["user_id", 2]]
  [1m[35m (0.4ms)[0m  [1m[35mCOMMIT[0m
[active_model_serializers] Rendered ProjectSerializer with ActiveModelSerializers::Adapter::Json (0.26ms)
Completed 201 Created in 5ms (Views: 0.7ms | ActiveRecord: 0.9ms)


Started GET "/projects" for ::1 at 2019-04-26 15:44:05 -0400
Processing by ProjectsController#index as HTML
Filter chain halted as :authenticate rendered or redirected
Completed 401 Unauthorized in 0ms (Views: 0.1ms | ActiveRecord: 0.0ms)


Started GET "/projects" for ::1 at 2019-04-26 15:44:06 -0400
Processing by ProjectsController#index as HTML
Filter chain halted as :authenticate rendered or redirected
Completed 401 Unauthorized in 0ms (Views: 0.1ms | ActiveRecord: 0.0ms)


Started GET "/projects" for ::1 at 2019-04-26 15:47:34 -0400
Processing by ProjectsController#index as */*
Filter chain halted as :authenticate rendered or redirected
Completed 401 Unauthorized in 0ms (Views: 0.1ms | ActiveRecord: 0.0ms)


Started GET "/projects" for ::1 at 2019-04-26 15:54:11 -0400
Processing by ProjectsController#index as HTML
Filter chain halted as :authenticate rendered or redirected
Completed 401 Unauthorized in 0ms (Views: 0.0ms | ActiveRecord: 0.0ms)


Started GET "/projects" for ::1 at 2019-04-26 15:54:12 -0400
Processing by ProjectsController#index as HTML
Filter chain halted as :authenticate rendered or redirected
Completed 401 Unauthorized in 0ms (Views: 0.1ms | ActiveRecord: 0.0ms)


Started GET "/projects" for ::1 at 2019-04-26 15:54:13 -0400
Processing by ProjectsController#index as HTML
Filter chain halted as :authenticate rendered or redirected
Completed 401 Unauthorized in 0ms (Views: 0.0ms | ActiveRecord: 0.0ms)


Started GET "/projects" for ::1 at 2019-04-26 16:24:34 -0400
Processing by ProjectsController#index as HTML
  [1m[36mProject Load (1.6ms)[0m  [1m[34mSELECT "projects".* FROM "projects"[0m
[active_model_serializers] Rendered ActiveModel::Serializer::CollectionSerializer with ActiveModelSerializers::Adapter::Json (5.26ms)
Completed 200 OK in 60ms (Views: 38.4ms | ActiveRecord: 13.2ms)


